build/app/intermediates/manifest_merge_blame_file/release/manifest-merger-blame-release-report.txt
1<?xml version="1.0" encoding="utf-8"?>
2<manifest xmlns:android="http://schemas.android.com/apk/res/android"
3    package="com.mymobi.n2"
4    android:versionCode="18"
5    android:versionName="3.6.0" >
6
7    <uses-sdk
8        android:minSdkVersion="21"
8-->src/main/AndroidManifest.xml
9        android:targetSdkVersion="31" />
9-->src/main/AndroidManifest.xml
10
11    <uses-permission android:name="android.permission.INTERNET" />
11-->src/main/AndroidManifest.xml:3:5-67
11-->src/main/AndroidManifest.xml:3:22-64
12    <uses-permission android:name="android.permission.ACCESS_NETWORK_STATE" />
12-->src/main/AndroidManifest.xml:4:5-79
12-->src/main/AndroidManifest.xml:4:22-76
13    <uses-permission android:name="android.permission.READ_EXTERNAL_STORAGE" />
13-->src/main/AndroidManifest.xml:5:5-80
13-->src/main/AndroidManifest.xml:5:22-77
14    <uses-permission android:name="android.permission.CAMERA" />
14-->src/main/AndroidManifest.xml:6:5-65
14-->src/main/AndroidManifest.xml:6:22-62
15    <uses-permission android:name="android.permission.ACCESS_FINE_LOCATION" />
15-->src/main/AndroidManifest.xml:7:5-79
15-->src/main/AndroidManifest.xml:7:22-76
16    <uses-permission android:name="android.permission.ACCESS_COARSE_LOCATION" />
16-->src/main/AndroidManifest.xml:8:5-81
16-->src/main/AndroidManifest.xml:8:22-78
17    <uses-permission android:name="android.permission.ACCESS_NETWORK_STATE" />
17-->src/main/AndroidManifest.xml:4:5-79
17-->src/main/AndroidManifest.xml:4:22-76
18    <uses-permission android:name="android.permission.FOREGROUND_SERVICE" />
18-->[:geolocator_android] AndroidManifest.xml:7:5-77
18-->[:geolocator_android] AndroidManifest.xml:7:22-74
19
20    <queries>
20-->[:file_picker] AndroidManifest.xml:9:5-15:15
21        <intent>
21-->[:file_picker] AndroidManifest.xml:10:9-14:18
22            <action android:name="android.intent.action.GET_CONTENT" />
22-->[:file_picker] AndroidManifest.xml:11:13-72
22-->[:file_picker] AndroidManifest.xml:11:21-69
23
24            <data android:mimeType="*/*" />
24-->[:file_picker] AndroidManifest.xml:13:13-44
24-->[:file_picker] AndroidManifest.xml:13:19-41
25        </intent>
26        <intent>
26-->[:flutter_inappwebview] AndroidManifest.xml:8:9-10:18
27            <action android:name="android.support.customtabs.action.CustomTabsService" />
27-->[:flutter_inappwebview] AndroidManifest.xml:9:13-90
27-->[:flutter_inappwebview] AndroidManifest.xml:9:21-87
28        </intent> <!-- Added to check if Chrome is installed for browser-based payment authentication (e.g. 3DS1). -->
29        <package android:name="com.android.chrome" /> <!-- Needs to be explicitly declared on Android R+ -->
29-->[com.stripe:payments-core:19.2.2] AndroidManifest.xml:13:9-54
29-->[com.stripe:payments-core:19.2.2] AndroidManifest.xml:13:18-51
30        <package android:name="com.google.android.apps.maps" />
30-->[com.google.android.gms:play-services-maps:18.0.2] AndroidManifest.xml:33:9-64
30-->[com.google.android.gms:play-services-maps:18.0.2] AndroidManifest.xml:33:18-61
31    </queries> <!-- Create a unique permission for your app and use it so only your app can receive your OneSignal messages. -->
32    <permission
32-->[com.onesignal:OneSignal:4.6.6] AndroidManifest.xml:7:5-9:47
33        android:name="com.mymobi.n2.permission.C2D_MESSAGE"
33-->[com.onesignal:OneSignal:4.6.6] AndroidManifest.xml:8:9-63
34        android:protectionLevel="signature" />
34-->[com.onesignal:OneSignal:4.6.6] AndroidManifest.xml:9:9-44
35
36    <uses-permission android:name="com.mymobi.n2.permission.C2D_MESSAGE" /> <!-- c2dm RECEIVE are basic requirements for push messages through Google's FCM -->
36-->[com.onesignal:OneSignal:4.6.6] AndroidManifest.xml:11:5-79
36-->[com.onesignal:OneSignal:4.6.6] AndroidManifest.xml:11:22-76
37    <uses-permission android:name="com.google.android.c2dm.permission.RECEIVE" /> <!-- Required, makes sure notifications are delivered on time. -->
37-->[com.onesignal:OneSignal:4.6.6] AndroidManifest.xml:17:5-82
37-->[com.onesignal:OneSignal:4.6.6] AndroidManifest.xml:17:22-79
38    <uses-permission android:name="android.permission.WAKE_LOCK" />
38-->[com.onesignal:OneSignal:4.6.6] AndroidManifest.xml:18:5-68
38-->[com.onesignal:OneSignal:4.6.6] AndroidManifest.xml:18:22-65
39    <!--
40 Required so the device vibrates on receiving a push notification.
41         Vibration settings of the device still apply.
42    -->
43    <uses-permission android:name="android.permission.VIBRATE" />
43-->[com.onesignal:OneSignal:4.6.6] AndroidManifest.xml:23:5-66
43-->[com.onesignal:OneSignal:4.6.6] AndroidManifest.xml:23:22-63
44    <!--
45 Use to restore notifications the user hasn't interacted with.
46         They could be missed notifications if the user reboots their device if this isn't in place.
47    -->
48    <uses-permission android:name="android.permission.RECEIVE_BOOT_COMPLETED" /> <!-- START: ShortcutBadger -->
48-->[com.onesignal:OneSignal:4.6.6] AndroidManifest.xml:29:5-81
48-->[com.onesignal:OneSignal:4.6.6] AndroidManifest.xml:29:22-78
49    <!-- Samsung -->
50    <uses-permission android:name="com.sec.android.provider.badge.permission.READ" />
50-->[com.onesignal:OneSignal:4.6.6] AndroidManifest.xml:31:5-86
50-->[com.onesignal:OneSignal:4.6.6] AndroidManifest.xml:31:22-83
51    <uses-permission android:name="com.sec.android.provider.badge.permission.WRITE" /> <!-- HTC -->
51-->[com.onesignal:OneSignal:4.6.6] AndroidManifest.xml:32:5-87
51-->[com.onesignal:OneSignal:4.6.6] AndroidManifest.xml:32:22-84
52    <uses-permission android:name="com.htc.launcher.permission.READ_SETTINGS" />
52-->[com.onesignal:OneSignal:4.6.6] AndroidManifest.xml:33:5-81
52-->[com.onesignal:OneSignal:4.6.6] AndroidManifest.xml:33:22-78
53    <uses-permission android:name="com.htc.launcher.permission.UPDATE_SHORTCUT" /> <!-- Sony -->
53-->[com.onesignal:OneSignal:4.6.6] AndroidManifest.xml:34:5-83
53-->[com.onesignal:OneSignal:4.6.6] AndroidManifest.xml:34:22-80
54    <uses-permission android:name="com.sonyericsson.home.permission.BROADCAST_BADGE" />
54-->[com.onesignal:OneSignal:4.6.6] AndroidManifest.xml:35:5-88
54-->[com.onesignal:OneSignal:4.6.6] AndroidManifest.xml:35:22-85
55    <uses-permission android:name="com.sonymobile.home.permission.PROVIDER_INSERT_BADGE" /> <!-- Apex -->
55-->[com.onesignal:OneSignal:4.6.6] AndroidManifest.xml:36:5-92
55-->[com.onesignal:OneSignal:4.6.6] AndroidManifest.xml:36:22-89
56    <uses-permission android:name="com.anddoes.launcher.permission.UPDATE_COUNT" /> <!-- Solid -->
56-->[com.onesignal:OneSignal:4.6.6] AndroidManifest.xml:37:5-84
56-->[com.onesignal:OneSignal:4.6.6] AndroidManifest.xml:37:22-81
57    <uses-permission android:name="com.majeur.launcher.permission.UPDATE_BADGE" /> <!-- Huawei -->
57-->[com.onesignal:OneSignal:4.6.6] AndroidManifest.xml:38:5-83
57-->[com.onesignal:OneSignal:4.6.6] AndroidManifest.xml:38:22-80
58    <uses-permission android:name="com.huawei.android.launcher.permission.CHANGE_BADGE" />
58-->[com.onesignal:OneSignal:4.6.6] AndroidManifest.xml:39:5-91
58-->[com.onesignal:OneSignal:4.6.6] AndroidManifest.xml:39:22-88
59    <uses-permission android:name="com.huawei.android.launcher.permission.READ_SETTINGS" />
59-->[com.onesignal:OneSignal:4.6.6] AndroidManifest.xml:40:5-92
59-->[com.onesignal:OneSignal:4.6.6] AndroidManifest.xml:40:22-89
60    <uses-permission android:name="com.huawei.android.launcher.permission.WRITE_SETTINGS" /> <!-- ZUK -->
60-->[com.onesignal:OneSignal:4.6.6] AndroidManifest.xml:41:5-93
60-->[com.onesignal:OneSignal:4.6.6] AndroidManifest.xml:41:22-90
61    <uses-permission android:name="android.permission.READ_APP_BADGE" /> <!-- OPPO -->
61-->[com.onesignal:OneSignal:4.6.6] AndroidManifest.xml:42:5-73
61-->[com.onesignal:OneSignal:4.6.6] AndroidManifest.xml:42:22-70
62    <uses-permission android:name="com.oppo.launcher.permission.READ_SETTINGS" />
62-->[com.onesignal:OneSignal:4.6.6] AndroidManifest.xml:43:5-82
62-->[com.onesignal:OneSignal:4.6.6] AndroidManifest.xml:43:22-79
63    <uses-permission android:name="com.oppo.launcher.permission.WRITE_SETTINGS" /> <!-- EvMe -->
63-->[com.onesignal:OneSignal:4.6.6] AndroidManifest.xml:44:5-83
63-->[com.onesignal:OneSignal:4.6.6] AndroidManifest.xml:44:22-80
64    <uses-permission android:name="me.everything.badger.permission.BADGE_COUNT_READ" />
64-->[com.onesignal:OneSignal:4.6.6] AndroidManifest.xml:45:5-88
64-->[com.onesignal:OneSignal:4.6.6] AndroidManifest.xml:45:22-85
65    <uses-permission android:name="me.everything.badger.permission.BADGE_COUNT_WRITE" />
65-->[com.onesignal:OneSignal:4.6.6] AndroidManifest.xml:46:5-89
65-->[com.onesignal:OneSignal:4.6.6] AndroidManifest.xml:46:22-86
66
67    <uses-feature
67-->[com.google.android.gms:play-services-maps:18.0.2] AndroidManifest.xml:26:5-28:35
68        android:glEsVersion="0x00020000"
68-->[com.google.android.gms:play-services-maps:18.0.2] AndroidManifest.xml:27:9-41
69        android:required="true" />
69-->[com.google.android.gms:play-services-maps:18.0.2] AndroidManifest.xml:28:9-32
70
71    <uses-permission android:name="com.google.android.finsky.permission.BIND_GET_INSTALL_REFERRER_SERVICE" /> <!-- Include required permissions for Advertising Id -->
71-->[com.google.android.gms:play-services-measurement:20.0.2] AndroidManifest.xml:26:5-110
71-->[com.google.android.gms:play-services-measurement:20.0.2] AndroidManifest.xml:26:22-107
72    <uses-permission android:name="com.google.android.gms.permission.AD_ID" />
72-->[com.google.android.gms:play-services-ads-identifier:18.0.0] AndroidManifest.xml:23:5-79
72-->[com.google.android.gms:play-services-ads-identifier:18.0.0] AndroidManifest.xml:23:22-76
73
74    <application
74-->src/main/AndroidManifest.xml:11:5-57:19
75        android:appComponentFactory="androidx.core.app.CoreComponentFactory"
75-->[androidx.core:core:1.7.0] AndroidManifest.xml:24:18-86
76        android:icon="@mipmap/ic_launcher"
76-->src/main/AndroidManifest.xml:12:9-43
77        android:label="N2"
77-->src/main/AndroidManifest.xml:13:9-27
78        android:requestLegacyExternalStorage="true" >
78-->src/main/AndroidManifest.xml:14:9-52
79        <activity
79-->src/main/AndroidManifest.xml:15:9-47:20
80            android:name="com.mymobi.n2.MainActivity"
80-->src/main/AndroidManifest.xml:16:13-41
81            android:configChanges="orientation|keyboardHidden|keyboard|screenSize|smallestScreenSize|locale|layoutDirection|fontScale|screenLayout|density|uiMode"
81-->src/main/AndroidManifest.xml:17:13-163
82            android:exported="true"
82-->src/main/AndroidManifest.xml:20:13-36
83            android:hardwareAccelerated="true"
83-->src/main/AndroidManifest.xml:18:13-47
84            android:launchMode="singleTop"
84-->src/main/AndroidManifest.xml:19:13-43
85            android:theme="@style/LaunchTheme"
85-->src/main/AndroidManifest.xml:21:13-47
86            android:windowSoftInputMode="adjustResize" >
86-->src/main/AndroidManifest.xml:22:13-55
87
88            <!--
89                 Specifies an Android theme to apply to this Activity as soon as
90                 the Android process has started. This theme is visible to the user
91                 while the Flutter UI initializes. After that, this theme continues
92                 to determine the Window background behind the Flutter UI.
93            -->
94            <meta-data
94-->src/main/AndroidManifest.xml:27:13-29:57
95                android:name="io.flutter.embedding.android.NormalTheme"
95-->src/main/AndroidManifest.xml:28:17-72
96                android:resource="@style/NormalTheme" />
96-->src/main/AndroidManifest.xml:29:17-54
97            <meta-data
97-->src/main/AndroidManifest.xml:30:13-32:74
98                android:name="com.google.firebase.messaging.default_notification_icon"
98-->src/main/AndroidManifest.xml:31:17-87
99                android:resource="@drawable/ic_stat_onesignal_default" />
99-->src/main/AndroidManifest.xml:32:17-71
100
101            <!--
102                 Displays an Android View that continues showing the launch screen
103                 Drawable until Flutter paints its first frame, then this splash
104                 screen fades out. A splash screen is useful to avoid any visual
105                 gap between the end of Android's launch screen and the painting of
106                 Flutter's first frame.
107            -->
108            <meta-data
108-->src/main/AndroidManifest.xml:39:13-41:66
109                android:name="io.flutter.embedding.android.SplashScreenDrawable"
109-->src/main/AndroidManifest.xml:40:17-81
110                android:resource="@drawable/launch_background" />
110-->src/main/AndroidManifest.xml:41:17-63
111
112            <intent-filter>
112-->src/main/AndroidManifest.xml:42:13-46:29
113                <action android:name="android.intent.action.MAIN" />
113-->src/main/AndroidManifest.xml:43:17-69
113-->src/main/AndroidManifest.xml:43:25-66
114
115                <category android:name="android.intent.category.LAUNCHER" />
115-->src/main/AndroidManifest.xml:44:17-77
115-->src/main/AndroidManifest.xml:44:27-74
116            </intent-filter>
117        </activity>
118
119        <meta-data
119-->src/main/AndroidManifest.xml:49:9-51:71
120            android:name="com.google.android.geo.API_KEY"
120-->src/main/AndroidManifest.xml:50:13-58
121            android:value="AIzaSyCHJwjZjGSOBc18-3mJM8tCqDYoV3Nk9tQ" />
121-->src/main/AndroidManifest.xml:51:13-68
122        <!--
123             Don't delete the meta-data below.
124             This is used by the Flutter tool to generate GeneratedPluginRegistrant.java
125        -->
126        <meta-data
126-->src/main/AndroidManifest.xml:54:9-56:33
127            android:name="flutterEmbedding"
127-->src/main/AndroidManifest.xml:55:13-44
128            android:value="2" />
128-->src/main/AndroidManifest.xml:56:13-30
129
130        <service
130-->[:firebase_database] AndroidManifest.xml:8:9-12:19
131            android:name="com.google.firebase.components.ComponentDiscoveryService"
131-->[:firebase_database] AndroidManifest.xml:8:18-89
132            android:directBootAware="true"
132-->[com.google.firebase:firebase-common:20.0.0] AndroidManifest.xml:35:13-43
133            android:exported="false" >
133-->[com.google.firebase:firebase-auth:21.0.1] AndroidManifest.xml:76:13-37
134            <meta-data
134-->[:firebase_database] AndroidManifest.xml:9:13-11:85
135                android:name="com.google.firebase.components:io.flutter.plugins.firebase.database.FlutterFirebaseAppRegistrar"
135-->[:firebase_database] AndroidManifest.xml:10:17-127
136                android:value="com.google.firebase.components.ComponentRegistrar" />
136-->[:firebase_database] AndroidManifest.xml:11:17-82
137            <meta-data
137-->[:firebase_crashlytics] AndroidManifest.xml:9:13-11:85
138                android:name="com.google.firebase.components:io.flutter.plugins.firebase.crashlytics.FlutterFirebaseAppRegistrar"
138-->[:firebase_crashlytics] AndroidManifest.xml:10:17-130
139                android:value="com.google.firebase.components.ComponentRegistrar" />
139-->[:firebase_crashlytics] AndroidManifest.xml:11:17-82
140            <meta-data
140-->[:cloud_firestore] AndroidManifest.xml:9:13-11:85
141                android:name="com.google.firebase.components:io.flutter.plugins.firebase.firestore.FlutterFirebaseFirestoreRegistrar"
141-->[:cloud_firestore] AndroidManifest.xml:10:17-134
142                android:value="com.google.firebase.components.ComponentRegistrar" />
142-->[:cloud_firestore] AndroidManifest.xml:11:17-82
143            <meta-data
143-->[:firebase_auth] AndroidManifest.xml:9:13-11:85
144                android:name="com.google.firebase.components:io.flutter.plugins.firebase.auth.FlutterFirebaseAuthRegistrar"
144-->[:firebase_auth] AndroidManifest.xml:10:17-124
145                android:value="com.google.firebase.components.ComponentRegistrar" />
145-->[:firebase_auth] AndroidManifest.xml:11:17-82
146            <meta-data
146-->[:firebase_storage] AndroidManifest.xml:9:13-11:85
147                android:name="com.google.firebase.components:io.flutter.plugins.firebase.storage.FlutterFirebaseAppRegistrar"
147-->[:firebase_storage] AndroidManifest.xml:10:17-126
148                android:value="com.google.firebase.components.ComponentRegistrar" />
148-->[:firebase_storage] AndroidManifest.xml:11:17-82
149            <meta-data
149-->[:firebase_core] AndroidManifest.xml:9:13-11:85
150                android:name="com.google.firebase.components:io.flutter.plugins.firebase.core.FlutterFirebaseCoreRegistrar"
150-->[:firebase_core] AndroidManifest.xml:10:17-124
151                android:value="com.google.firebase.components.ComponentRegistrar" />
151-->[:firebase_core] AndroidManifest.xml:11:17-82
152            <meta-data
152-->[com.google.firebase:firebase-auth:21.0.1] AndroidManifest.xml:77:13-79:85
153                android:name="com.google.firebase.components:com.google.firebase.auth.FirebaseAuthRegistrar"
153-->[com.google.firebase:firebase-auth:21.0.1] AndroidManifest.xml:78:17-109
154                android:value="com.google.firebase.components.ComponentRegistrar" />
154-->[com.google.firebase:firebase-auth:21.0.1] AndroidManifest.xml:79:17-82
155            <meta-data
155-->[com.google.firebase:firebase-firestore:24.0.1] AndroidManifest.xml:20:13-22:85
156                android:name="com.google.firebase.components:com.google.firebase.firestore.FirestoreRegistrar"
156-->[com.google.firebase:firebase-firestore:24.0.1] AndroidManifest.xml:21:17-111
157                android:value="com.google.firebase.components.ComponentRegistrar" />
157-->[com.google.firebase:firebase-firestore:24.0.1] AndroidManifest.xml:22:17-82
158            <meta-data
158-->[com.google.firebase:firebase-crashlytics:18.2.7] AndroidManifest.xml:18:13-20:85
159                android:name="com.google.firebase.components:com.google.firebase.crashlytics.CrashlyticsRegistrar"
159-->[com.google.firebase:firebase-crashlytics:18.2.7] AndroidManifest.xml:19:17-115
160                android:value="com.google.firebase.components.ComponentRegistrar" />
160-->[com.google.firebase:firebase-crashlytics:18.2.7] AndroidManifest.xml:20:17-82
161            <meta-data
161-->[com.google.firebase:firebase-storage:20.0.0] AndroidManifest.xml:33:13-35:85
162                android:name="com.google.firebase.components:com.google.firebase.storage.StorageRegistrar"
162-->[com.google.firebase:firebase-storage:20.0.0] AndroidManifest.xml:34:17-107
163                android:value="com.google.firebase.components.ComponentRegistrar" />
163-->[com.google.firebase:firebase-storage:20.0.0] AndroidManifest.xml:35:17-82
164            <meta-data
164-->[com.google.firebase:firebase-database:20.0.3] AndroidManifest.xml:32:13-34:85
165                android:name="com.google.firebase.components:com.google.firebase.database.DatabaseRegistrar"
165-->[com.google.firebase:firebase-database:20.0.3] AndroidManifest.xml:33:17-109
166                android:value="com.google.firebase.components.ComponentRegistrar" />
166-->[com.google.firebase:firebase-database:20.0.3] AndroidManifest.xml:34:17-82
167            <meta-data
167-->[com.google.firebase:firebase-messaging:23.0.0] AndroidManifest.xml:52:13-54:85
168                android:name="com.google.firebase.components:com.google.firebase.messaging.FirebaseMessagingRegistrar"
168-->[com.google.firebase:firebase-messaging:23.0.0] AndroidManifest.xml:53:17-119
169                android:value="com.google.firebase.components.ComponentRegistrar" />
169-->[com.google.firebase:firebase-messaging:23.0.0] AndroidManifest.xml:54:17-82
170            <meta-data
170-->[com.google.android.gms:play-services-measurement-api:20.0.2] AndroidManifest.xml:30:13-32:85
171                android:name="com.google.firebase.components:com.google.firebase.analytics.connector.internal.AnalyticsConnectorRegistrar"
171-->[com.google.android.gms:play-services-measurement-api:20.0.2] AndroidManifest.xml:31:17-139
172                android:value="com.google.firebase.components.ComponentRegistrar" />
172-->[com.google.android.gms:play-services-measurement-api:20.0.2] AndroidManifest.xml:32:17-82
173            <meta-data
173-->[com.google.firebase:firebase-installations:17.0.0] AndroidManifest.xml:18:13-20:85
174                android:name="com.google.firebase.components:com.google.firebase.installations.FirebaseInstallationsRegistrar"
174-->[com.google.firebase:firebase-installations:17.0.0] AndroidManifest.xml:19:17-127
175                android:value="com.google.firebase.components.ComponentRegistrar" />
175-->[com.google.firebase:firebase-installations:17.0.0] AndroidManifest.xml:20:17-82
176            <meta-data
176-->[com.google.firebase:firebase-datatransport:18.0.0] AndroidManifest.xml:28:13-30:85
177                android:name="com.google.firebase.components:com.google.firebase.datatransport.TransportRegistrar"
177-->[com.google.firebase:firebase-datatransport:18.0.0] AndroidManifest.xml:29:17-115
178                android:value="com.google.firebase.components.ComponentRegistrar" />
178-->[com.google.firebase:firebase-datatransport:18.0.0] AndroidManifest.xml:30:17-82
179        </service>
180        <service
180-->[:geolocator_android] AndroidManifest.xml:10:9-14:56
181            android:name="com.baseflow.geolocator.GeolocatorLocationService"
181-->[:geolocator_android] AndroidManifest.xml:11:13-77
182            android:enabled="true"
182-->[:geolocator_android] AndroidManifest.xml:12:13-35
183            android:exported="false"
183-->[:geolocator_android] AndroidManifest.xml:13:13-37
184            android:foregroundServiceType="location" />
184-->[:geolocator_android] AndroidManifest.xml:14:13-53
185
186        <provider
186-->[:image_picker] AndroidManifest.xml:8:9-16:20
187            android:name="io.flutter.plugins.imagepicker.ImagePickerFileProvider"
187-->[:image_picker] AndroidManifest.xml:9:13-82
188            android:authorities="com.mymobi.n2.flutter.image_provider"
188-->[:image_picker] AndroidManifest.xml:10:13-74
189            android:exported="false"
189-->[:image_picker] AndroidManifest.xml:11:13-37
190            android:grantUriPermissions="true" >
190-->[:image_picker] AndroidManifest.xml:12:13-47
191            <meta-data
191-->[:image_picker] AndroidManifest.xml:13:13-15:75
192                android:name="android.support.FILE_PROVIDER_PATHS"
192-->[:image_picker] AndroidManifest.xml:14:17-67
193                android:resource="@xml/flutter_image_picker_file_paths" />
193-->[:image_picker] AndroidManifest.xml:15:17-72
194        </provider>
195
196        <activity
196-->[:flutter_inappwebview] AndroidManifest.xml:14:9-17:47
197            android:name="com.pichillilorenzo.flutter_inappwebview.in_app_browser.InAppBrowserActivity"
197-->[:flutter_inappwebview] AndroidManifest.xml:15:13-104
198            android:configChanges="orientation|keyboardHidden|keyboard|screenSize|locale|layoutDirection|fontScale|screenLayout|density"
198-->[:flutter_inappwebview] AndroidManifest.xml:16:13-137
199            android:theme="@style/AppTheme" />
199-->[:flutter_inappwebview] AndroidManifest.xml:17:13-44
200        <activity
200-->[:flutter_inappwebview] AndroidManifest.xml:18:9-20:55
201            android:name="com.pichillilorenzo.flutter_inappwebview.chrome_custom_tabs.ChromeCustomTabsActivity"
201-->[:flutter_inappwebview] AndroidManifest.xml:19:13-112
202            android:theme="@style/ThemeTransparent" />
202-->[:flutter_inappwebview] AndroidManifest.xml:20:13-52
203
204        <receiver android:name="com.pichillilorenzo.flutter_inappwebview.chrome_custom_tabs.ActionBroadcastReceiver" />
204-->[:flutter_inappwebview] AndroidManifest.xml:22:9-120
204-->[:flutter_inappwebview] AndroidManifest.xml:22:19-117
205
206        <meta-data
206-->[:flutter_inappwebview] AndroidManifest.xml:24:9-26:36
207            android:name="io.flutter.embedded_views_preview"
207-->[:flutter_inappwebview] AndroidManifest.xml:25:13-61
208            android:value="true" />
208-->[:flutter_inappwebview] AndroidManifest.xml:26:13-33
209
210        <activity
210-->[:razorpay_flutter] AndroidManifest.xml:8:9-12:20
211            android:name="com.razorpay.CheckoutActivity"
211-->[:razorpay_flutter] AndroidManifest.xml:9:13-57
212            android:configChanges="keyboard|keyboardHidden|orientation|screenSize"
212-->[com.razorpay:checkout:1.6.15] AndroidManifest.xml:20:13-83
213            android:exported="false"
213-->[:razorpay_flutter] AndroidManifest.xml:10:13-37
214            android:label="Razorpay Checkout"
214-->[:razorpay_flutter] AndroidManifest.xml:11:13-46
215            android:theme="@style/CheckoutTheme" >
215-->[com.razorpay:checkout:1.6.15] AndroidManifest.xml:21:13-49
216            <intent-filter>
216-->[com.razorpay:checkout:1.6.15] AndroidManifest.xml:22:13-28:29
217                <action android:name="android.intent.action.MAIN" />
217-->src/main/AndroidManifest.xml:43:17-69
217-->src/main/AndroidManifest.xml:43:25-66
218
219                <data
219-->[:file_picker] AndroidManifest.xml:13:13-44
220                    android:host="rzp.io"
221                    android:scheme="io.rzp" />
222            </intent-filter>
223        </activity>
224
225        <receiver
225-->[:razorpay_flutter] AndroidManifest.xml:14:9-20:20
226            android:name="com.razorpay.RzpTokenReceiver"
226-->[:razorpay_flutter] AndroidManifest.xml:15:13-57
227            android:exported="false" >
227-->[:razorpay_flutter] AndroidManifest.xml:16:13-37
228            <intent-filter>
228-->[:razorpay_flutter] AndroidManifest.xml:17:13-19:29
229                <action android:name="rzp.device_token.share" />
229-->[:razorpay_flutter] AndroidManifest.xml:18:17-65
229-->[:razorpay_flutter] AndroidManifest.xml:18:25-62
230            </intent-filter>
231        </receiver>
232
233        <activity
233-->[:flutter_paystack] AndroidManifest.xml:8:9-10:54
234            android:name="co.paystack.flutterpaystack.AuthActivity"
234-->[:flutter_paystack] AndroidManifest.xml:9:13-68
235            android:theme="@style/Paystack.Dialog" />
235-->[:flutter_paystack] AndroidManifest.xml:10:13-51
236        <activity
236-->[:url_launcher_android] AndroidManifest.xml:8:9-11:74
237            android:name="io.flutter.plugins.urllauncher.WebViewActivity"
237-->[:url_launcher_android] AndroidManifest.xml:9:13-74
238            android:exported="false"
238-->[:url_launcher_android] AndroidManifest.xml:10:13-37
239            android:theme="@android:style/Theme.NoTitleBar.Fullscreen" />
239-->[:url_launcher_android] AndroidManifest.xml:11:13-71
240
241        <receiver
241-->[com.onesignal:OneSignal:4.6.6] AndroidManifest.xml:49:9-60:20
242            android:name="com.onesignal.FCMBroadcastReceiver"
242-->[com.onesignal:OneSignal:4.6.6] AndroidManifest.xml:50:13-62
243            android:exported="true"
243-->[com.onesignal:OneSignal:4.6.6] AndroidManifest.xml:51:13-36
244            android:permission="com.google.android.c2dm.permission.SEND" >
244-->[com.onesignal:OneSignal:4.6.6] AndroidManifest.xml:52:13-73
245
246            <!-- High priority so OneSignal payloads can be filtered from other FCM receivers -->
247            <intent-filter android:priority="999" >
247-->[com.onesignal:OneSignal:4.6.6] AndroidManifest.xml:55:13-59:29
247-->[com.onesignal:OneSignal:4.6.6] AndroidManifest.xml:55:28-50
248                <action android:name="com.google.android.c2dm.intent.RECEIVE" />
248-->[com.onesignal:OneSignal:4.6.6] AndroidManifest.xml:56:17-81
248-->[com.onesignal:OneSignal:4.6.6] AndroidManifest.xml:56:25-78
249
250                <category android:name="com.mymobi.n2" />
250-->[com.onesignal:OneSignal:4.6.6] AndroidManifest.xml:58:17-61
250-->[com.onesignal:OneSignal:4.6.6] AndroidManifest.xml:58:27-58
251            </intent-filter>
252        </receiver>
253
254        <service
254-->[com.onesignal:OneSignal:4.6.6] AndroidManifest.xml:62:9-68:19
255            android:name="com.onesignal.HmsMessageServiceOneSignal"
255-->[com.onesignal:OneSignal:4.6.6] AndroidManifest.xml:63:13-68
256            android:exported="false" >
256-->[com.onesignal:OneSignal:4.6.6] AndroidManifest.xml:64:13-37
257            <intent-filter>
257-->[com.onesignal:OneSignal:4.6.6] AndroidManifest.xml:65:13-67:29
258                <action android:name="com.huawei.push.action.MESSAGING_EVENT" />
258-->[com.onesignal:OneSignal:4.6.6] AndroidManifest.xml:66:17-81
258-->[com.onesignal:OneSignal:4.6.6] AndroidManifest.xml:66:25-78
259            </intent-filter>
260        </service>
261
262        <activity
262-->[com.onesignal:OneSignal:4.6.6] AndroidManifest.xml:70:9-78:20
263            android:name="com.onesignal.NotificationOpenedActivityHMS"
263-->[com.onesignal:OneSignal:4.6.6] AndroidManifest.xml:71:13-71
264            android:exported="true"
264-->[com.onesignal:OneSignal:4.6.6] AndroidManifest.xml:72:13-36
265            android:noHistory="true"
265-->[com.onesignal:OneSignal:4.6.6] AndroidManifest.xml:73:13-37
266            android:theme="@android:style/Theme.Translucent.NoTitleBar" >
266-->[com.onesignal:OneSignal:4.6.6] AndroidManifest.xml:74:13-72
267            <intent-filter>
267-->[com.onesignal:OneSignal:4.6.6] AndroidManifest.xml:75:13-77:29
268                <action android:name="android.intent.action.VIEW" />
268-->[com.onesignal:OneSignal:4.6.6] AndroidManifest.xml:76:17-69
268-->[com.onesignal:OneSignal:4.6.6] AndroidManifest.xml:76:25-66
269            </intent-filter>
270        </activity>
271
272        <service
272-->[com.onesignal:OneSignal:4.6.6] AndroidManifest.xml:80:9-82:40
273            android:name="com.onesignal.FCMIntentService"
273-->[com.onesignal:OneSignal:4.6.6] AndroidManifest.xml:81:13-58
274            android:exported="false" />
274-->[com.onesignal:OneSignal:4.6.6] AndroidManifest.xml:82:13-37
275        <service